{
  "RSpec": {
    "coverage": {
      "/Users/lucasdevelopment/turing/2module/point_master/app/helpers/application_helper.rb": [
        1,
        null
      ],
      "/Users/lucasdevelopment/turing/2module/point_master/spec/features/admin_can_login_spec.rb": [
        1,
        null,
        1,
        1,
        1,
        1,
        1,
        null,
        1,
        null,
        1,
        1,
        null,
        1,
        1,
        null,
        null,
        1,
        null,
        1,
        1,
        1,
        null,
        1,
        null,
        1,
        1,
        null,
        1,
        1,
        null,
        null,
        1,
        null,
        1,
        null,
        1,
        null,
        1,
        null,
        null,
        null
      ],
      "/Users/lucasdevelopment/turing/2module/point_master/spec/features/visitor_can_login_spec.rb": [
        1,
        null,
        1,
        1,
        1,
        1,
        1,
        null,
        1,
        null,
        1,
        null,
        1,
        1,
        null,
        1,
        1,
        null,
        null,
        1,
        null,
        1,
        1,
        1,
        null,
        1,
        1,
        null,
        1,
        1,
        null,
        null,
        1,
        1,
        null,
        1,
        1,
        1,
        null,
        1,
        1,
        null,
        1,
        1,
        null,
        null,
        1,
        1,
        1,
        1,
        null,
        1,
        1,
        null,
        1,
        null,
        1,
        null,
        1,
        1,
        1,
        null,
        1,
        1,
        null,
        1,
        1,
        null,
        null,
        1,
        1,
        null,
        1,
        1,
        null,
        1,
        null,
        1,
        1,
        1,
        null,
        1,
        null,
        1,
        1,
        null,
        1,
        1,
        null,
        null,
        1,
        null,
        1,
        null,
        1,
        null,
        1,
        null,
        1,
        1,
        1,
        1,
        1,
        1,
        1,
        null,
        1,
        null,
        1,
        1,
        null,
        1,
        1,
        null,
        null,
        1,
        null,
        null,
        null
      ],
      "/Users/lucasdevelopment/turing/2module/point_master/spec/features/visitor_can_register_from_root_spec.rb": [
        1,
        null,
        1,
        1,
        1,
        1,
        null,
        1,
        null,
        1,
        null,
        1,
        1,
        1,
        null,
        1,
        null,
        1,
        1,
        1,
        1,
        null,
        1,
        1,
        1,
        null,
        1,
        null,
        1,
        1,
        1,
        null,
        1,
        null,
        1,
        1,
        null,
        null,
        null
      ],
      "/Users/lucasdevelopment/turing/2module/point_master/spec/models/admin_spec.rb": [
        1,
        null,
        1,
        1,
        1,
        1,
        1,
        null,
        1,
        1,
        1,
        null,
        1,
        1,
        1,
        null,
        1,
        1,
        1,
        null,
        1,
        1,
        1,
        1,
        null,
        null,
        1,
        1,
        1,
        1,
        1,
        null,
        1,
        1,
        1,
        1,
        null,
        null,
        null
      ],
      "/Users/lucasdevelopment/turing/2module/point_master/app/models/admin.rb": [
        1,
        1,
        1,
        null,
        null,
        null,
        1,
        12,
        12,
        6,
        5,
        null,
        null,
        null,
        null,
        null,
        null,
        null,
        null,
        null
      ],
      "/Users/lucasdevelopment/turing/2module/point_master/app/models/application_record.rb": [
        1,
        1,
        null
      ],
      "/Users/lucasdevelopment/turing/2module/point_master/spec/models/badge_spec.rb": [

      ],
      "/Users/lucasdevelopment/turing/2module/point_master/spec/models/point_spec.rb": [
        1,
        null,
        1,
        1,
        1,
        1,
        1,
        1,
        1,
        null,
        1,
        null,
        null,
        null
      ],
      "/Users/lucasdevelopment/turing/2module/point_master/app/models/point.rb": [
        1,
        1,
        null
      ],
      "/Users/lucasdevelopment/turing/2module/point_master/spec/models/user_badge_spec.rb": [
        1,
        null,
        1,
        1,
        1,
        1,
        1,
        1,
        1,
        null,
        null,
        null
      ],
      "/Users/lucasdevelopment/turing/2module/point_master/app/models/user_badge.rb": [
        1,
        1,
        1,
        null
      ],
      "/Users/lucasdevelopment/turing/2module/point_master/spec/models/user_spec.rb": [
        1,
        null,
        1,
        1,
        1,
        1,
        1,
        null,
        1,
        1,
        1,
        null,
        1,
        1,
        1,
        null,
        1,
        1,
        1,
        null,
        1,
        1,
        1,
        1,
        null,
        null,
        1,
        1,
        1,
        1,
        1,
        null,
        1,
        1,
        1,
        null,
        1,
        1,
        1,
        null,
        null,
        1,
        1,
        1,
        1,
        1,
        null,
        1,
        1,
        1,
        1,
        null,
        null,
        1,
        1,
        1,
        1,
        1,
        1,
        1,
        null,
        1,
        null,
        null,
        null
      ],
      "/Users/lucasdevelopment/turing/2module/point_master/app/models/user.rb": [
        1,
        1,
        1,
        1,
        1,
        1,
        null,
        null,
        1,
        12,
        12,
        8,
        6,
        null,
        null,
        null,
        null,
        null,
        null,
        null,
        null,
        1,
        20,
        null,
        null,
        null
      ],
      "/Users/lucasdevelopment/turing/2module/point_master/app/controllers/users_controller.rb": [
        1,
        null,
        1,
        14,
        14,
        3,
        null,
        null,
        null,
        1,
        7,
        7,
        null,
        null,
        1,
        3,
        null,
        null,
        1,
        2,
        2,
        1,
        null,
        1,
        1,
        null,
        null,
        null,
        1,
        null,
        1,
        2,
        null,
        null,
        null
      ],
      "/Users/lucasdevelopment/turing/2module/point_master/app/controllers/application_controller.rb": [
        1,
        1,
        null,
        null,
        1,
        31,
        null,
        null
      ],
      "/Users/lucasdevelopment/turing/2module/point_master/app/controllers/sessions_controller.rb": [
        1,
        null,
        1,
        null,
        null,
        1,
        10,
        10,
        10,
        1,
        1,
        9,
        5,
        5,
        4,
        4,
        4,
        null,
        null,
        null,
        1,
        1,
        1,
        1,
        null,
        null,
        1,
        null,
        null,
        null,
        null,
        null,
        null
      ],
      "/Users/lucasdevelopment/turing/2module/point_master/app/controllers/admins_controller.rb": [
        1,
        null,
        1,
        9,
        9,
        1,
        null,
        9,
        null,
        null,
        1,
        1,
        1,
        0,
        null,
        1,
        null,
        1,
        1,
        null,
        null,
        null
      ],
      "/Users/lucasdevelopment/turing/2module/point_master/app/models/badge.rb": [
        1,
        1,
        1,
        1,
        null
      ]
    },
    "timestamp": 1531753113
  }
}
